<?xml version="1.0" encoding="UTF-8"?>
<testsuite name="org.meveo.model.catalog.CalendarTest" time="0.294" tests="34" errors="0" skipped="0" failures="0">
  <properties>
[...]
</properties>
  <testcase name="testSimpleWeekdayIntervalCalendar" classname="org.meveo.model.catalog.CalendarTest" time="0.085"/>
  <testcase name="testUnionNextPreviousCalendar" classname="org.meveo.model.catalog.CalendarTest" time="0.019"/>
  <testcase name="testHourCalendar" classname="org.meveo.model.catalog.CalendarTest" time="0.016"/>
  <testcase name="testOnePeriodInSecondCalendar" classname="org.meveo.model.catalog.CalendarTest" time="0.007"/>
  <testcase name="testCrossWeekdayIntervalCalendarNextPreviousPeriod" classname="org.meveo.model.catalog.CalendarTest" time="0.005"/>
  <testcase name="testYearCalendar2" classname="org.meveo.model.catalog.CalendarTest" time="0.041"/>
  <testcase name="testSimpleHourIntervalCalendar" classname="org.meveo.model.catalog.CalendarTest" time="0"/>
  <testcase name="testHourCalendar2" classname="org.meveo.model.catalog.CalendarTest" time="0.022"/>
  <testcase name="testSimpleWeekdayIntervalCalendarNextPreviousPeriod" classname="org.meveo.model.catalog.CalendarTest" time="0"/>
  <testcase name="testfullWeekdayIntervalCalendar" classname="org.meveo.model.catalog.CalendarTest" time="0"/>
  <testcase name="testZeroPeriodInMonthCalendar" classname="org.meveo.model.catalog.CalendarTest" time="0.001"/>
  <testcase name="testFullDayIntervalCalendar" classname="org.meveo.model.catalog.CalendarTest" time="0"/>
  <testcase name="testFullDayIntervalCalendar2" classname="org.meveo.model.catalog.CalendarTest" time="0.005"/>
  <testcase name="testFullHourIntervalCalendar" classname="org.meveo.model.catalog.CalendarTest" time="0.012"/>
  <testcase name="testSimpleDayIntervalCalendarNextPreviousPeriod" classname="org.meveo.model.catalog.CalendarTest" time="0"/>
  <testcase name="testCrossHourIntervalCalendar" classname="org.meveo.model.catalog.CalendarTest" time="0"/>
  <testcase name="testSimpleHourIntervalCalendarNextPreviousPeriod" classname="org.meveo.model.catalog.CalendarTest" time="0.005"/>
  <testcase name="testMultiPeriodInMonthCalendar" classname="org.meveo.model.catalog.CalendarTest" time="0.072"/>
  <testcase name="testCrossHourIntervalCalendarNextPreviousPeriod" classname="org.meveo.model.catalog.CalendarTest" time="0"/>
  <testcase name="testCrossDayIntervalCalendarNextPreviousPeriod" classname="org.meveo.model.catalog.CalendarTest" time="0"/>
  <testcase name="testOnePeriodInMinuteCalendar" classname="org.meveo.model.catalog.CalendarTest" time="0"/>
  <testcase name="testYearCalendar" classname="org.meveo.model.catalog.CalendarTest" time="0"/>
  <testcase name="testOnePeriodInHourCalendar" classname="org.meveo.model.catalog.CalendarTest" time="0"/>
  <testcase name="testCrossDayIntervalCalendar" classname="org.meveo.model.catalog.CalendarTest" time="0"/>
  <testcase name="testZeroHourIntervalCalendar" classname="org.meveo.model.catalog.CalendarTest" time="0"/>
  <testcase name="testIntersectCalendar" classname="org.meveo.model.catalog.CalendarTest" time="0"/>
  <testcase name="testMultiPeriodInMinuteCalendar" classname="org.meveo.model.catalog.CalendarTest" time="0"/>
  <testcase name="testFullHourIntervalCalendar2" classname="org.meveo.model.catalog.CalendarTest" time="0"/>
  <testcase name="testOnePeriodInDaysCalendar" classname="org.meveo.model.catalog.CalendarTest" time="0"/>
  <testcase name="testfullWeekdayIntervalCalendar2" classname="org.meveo.model.catalog.CalendarTest" time="0"/>
  <testcase name="testUnionCalendar" classname="org.meveo.model.catalog.CalendarTest" time="0"/>
  <testcase name="testOnePeriodInMonthCalendar" classname="org.meveo.model.catalog.CalendarTest" time="0.004"/>
  <testcase name="testSimpleDayIntervalCalendar" classname="org.meveo.model.catalog.CalendarTest" time="0"/>
  <testcase name="testCrossWeekdayIntervalCalendar" classname="org.meveo.model.catalog.CalendarTest" time="0"/>
</testsuite>